2017-11-28 09:19:41.303  INFO 7668 --- [restartedMain] c.zy.creditindex.CreditindexApplication  : Starting CreditindexApplication on PC-201708261548 with PID 7668 (E:\WORK\creditindex2\target\classes started by zy in E:\WORK\creditindex2)
2017-11-28 09:19:41.371 DEBUG 7668 --- [restartedMain] c.zy.creditindex.CreditindexApplication  : Running with Spring Boot v1.5.7.RELEASE, Spring v4.3.11.RELEASE
2017-11-28 09:19:41.373  INFO 7668 --- [restartedMain] c.zy.creditindex.CreditindexApplication  : The following profiles are active: prod
2017-11-28 09:19:43.115  INFO 7668 --- [restartedMain] ationConfigEmbeddedWebApplicationContext : Refreshing org.springframework.boot.context.embedded.AnnotationConfigEmbeddedWebApplicationContext@721b5503: startup date [Tue Nov 28 09:19:43 CST 2017]; root of context hierarchy
2017-11-28 09:20:12.389  INFO 7668 --- [restartedMain] trationDelegate$BeanPostProcessorChecker : Bean 'org.springframework.transaction.annotation.ProxyTransactionManagementConfiguration' of type [org.springframework.transaction.annotation.ProxyTransactionManagementConfiguration$$EnhancerBySpringCGLIB$$f91868bb] is not eligible for getting processed by all BeanPostProcessors (for example: not eligible for auto-proxying)
2017-11-28 09:20:12.522  INFO 7668 --- [restartedMain] trationDelegate$BeanPostProcessorChecker : Bean 'org.springframework.cache.annotation.ProxyCachingConfiguration' of type [org.springframework.cache.annotation.ProxyCachingConfiguration$$EnhancerBySpringCGLIB$$422a9ed9] is not eligible for getting processed by all BeanPostProcessors (for example: not eligible for auto-proxying)
2017-11-28 09:20:12.636  INFO 7668 --- [restartedMain] trationDelegate$BeanPostProcessorChecker : Bean 'org.springframework.boot.autoconfigure.cache.CacheAutoConfiguration' of type [org.springframework.boot.autoconfigure.cache.CacheAutoConfiguration$$EnhancerBySpringCGLIB$$369e637d] is not eligible for getting processed by all BeanPostProcessors (for example: not eligible for auto-proxying)
2017-11-28 09:20:13.127  INFO 7668 --- [restartedMain] trationDelegate$BeanPostProcessorChecker : Bean 'spring.cache-org.springframework.boot.autoconfigure.cache.CacheProperties' of type [org.springframework.boot.autoconfigure.cache.CacheProperties] is not eligible for getting processed by all BeanPostProcessors (for example: not eligible for auto-proxying)
2017-11-28 09:20:13.137  INFO 7668 --- [restartedMain] trationDelegate$BeanPostProcessorChecker : Bean 'cacheManagerCustomizers' of type [org.springframework.boot.autoconfigure.cache.CacheManagerCustomizers] is not eligible for getting processed by all BeanPostProcessors (for example: not eligible for auto-proxying)
2017-11-28 09:20:13.140  INFO 7668 --- [restartedMain] trationDelegate$BeanPostProcessorChecker : Bean 'org.springframework.boot.autoconfigure.cache.EhCacheCacheConfiguration' of type [org.springframework.boot.autoconfigure.cache.EhCacheCacheConfiguration$$EnhancerBySpringCGLIB$$d13d307b] is not eligible for getting processed by all BeanPostProcessors (for example: not eligible for auto-proxying)
2017-11-28 09:20:15.398  INFO 7668 --- [restartedMain] trationDelegate$BeanPostProcessorChecker : Bean 'ehCacheCacheManager' of type [net.sf.ehcache.CacheManager] is not eligible for getting processed by all BeanPostProcessors (for example: not eligible for auto-proxying)
2017-11-28 09:20:15.405  INFO 7668 --- [restartedMain] trationDelegate$BeanPostProcessorChecker : Bean 'cacheManager' of type [org.springframework.cache.ehcache.EhCacheCacheManager] is not eligible for getting processed by all BeanPostProcessors (for example: not eligible for auto-proxying)
2017-11-28 09:20:15.406  INFO 7668 --- [restartedMain] trationDelegate$BeanPostProcessorChecker : Bean 'cacheAutoConfigurationValidator' of type [org.springframework.boot.autoconfigure.cache.CacheAutoConfiguration$CacheManagerValidator] is not eligible for getting processed by all BeanPostProcessors (for example: not eligible for auto-proxying)
2017-11-28 09:20:15.423  INFO 7668 --- [restartedMain] trationDelegate$BeanPostProcessorChecker : Bean 'shiroConfiguration' of type [com.zy.creditindex.shiro.ShiroConfiguration$$EnhancerBySpringCGLIB$$485728b9] is not eligible for getting processed by all BeanPostProcessors (for example: not eligible for auto-proxying)
2017-11-28 09:20:15.462  INFO 7668 --- [restartedMain] trationDelegate$BeanPostProcessorChecker : Bean 'hashedCredentialsMatcher' of type [org.apache.shiro.authc.credential.HashedCredentialsMatcher] is not eligible for getting processed by all BeanPostProcessors (for example: not eligible for auto-proxying)
2017-11-28 09:20:15.487  INFO 7668 --- [restartedMain] trationDelegate$BeanPostProcessorChecker : Bean 'authRealm' of type [com.zy.creditindex.realm.CustomerRealm] is not eligible for getting processed by all BeanPostProcessors (for example: not eligible for auto-proxying)
2017-11-28 09:20:18.606  INFO 7668 --- [restartedMain] trationDelegate$BeanPostProcessorChecker : Bean 'securityManager' of type [org.apache.shiro.web.mgt.DefaultWebSecurityManager] is not eligible for getting processed by all BeanPostProcessors (for example: not eligible for auto-proxying)
2017-11-28 09:20:23.078  INFO 7668 --- [restartedMain] s.b.c.e.t.TomcatEmbeddedServletContainer : Tomcat initialized with port(s): 80 (http)
2017-11-28 09:20:23.172  INFO 7668 --- [restartedMain] o.apache.catalina.core.StandardService   : Starting service [Tomcat]
2017-11-28 09:20:23.173  INFO 7668 --- [restartedMain] org.apache.catalina.core.StandardEngine  : Starting Servlet Engine: Apache Tomcat/8.5.20
2017-11-28 09:20:27.563  INFO 7668 --- [localhost-startStop-1] org.apache.jasper.servlet.TldScanner     : At least one JAR was scanned for TLDs yet contained no TLDs. Enable debug logging for this logger for a complete list of JARs that were scanned but no TLDs were found in them. Skipping unneeded JARs during scanning can improve startup time and JSP compilation time.
2017-11-28 09:20:27.607  INFO 7668 --- [localhost-startStop-1] o.a.c.c.C.[Tomcat].[localhost].[/]       : Initializing Spring embedded WebApplicationContext
2017-11-28 09:20:27.608  INFO 7668 --- [localhost-startStop-1] o.s.web.context.ContextLoader            : Root WebApplicationContext: initialization completed in 44493 ms
2017-11-28 09:20:28.796  INFO 7668 --- [localhost-startStop-1] o.s.b.w.servlet.ServletRegistrationBean  : Mapping servlet: 'dispatcherServlet' to [/]
2017-11-28 09:20:28.859  INFO 7668 --- [localhost-startStop-1] o.s.b.w.servlet.FilterRegistrationBean   : Mapping filter: 'characterEncodingFilter' to: [/*]
2017-11-28 09:20:28.860  INFO 7668 --- [localhost-startStop-1] o.s.b.w.servlet.FilterRegistrationBean   : Mapping filter: 'hiddenHttpMethodFilter' to: [/*]
2017-11-28 09:20:28.861  INFO 7668 --- [localhost-startStop-1] o.s.b.w.servlet.FilterRegistrationBean   : Mapping filter: 'httpPutFormContentFilter' to: [/*]
2017-11-28 09:20:28.861  INFO 7668 --- [localhost-startStop-1] o.s.b.w.servlet.FilterRegistrationBean   : Mapping filter: 'requestContextFilter' to: [/*]
2017-11-28 09:20:28.862  INFO 7668 --- [localhost-startStop-1] o.s.b.w.servlet.FilterRegistrationBean   : Mapping filter: 'shirFilter' to: [/*]
2017-11-28 09:20:36.077  INFO 7668 --- [restartedMain] j.LocalContainerEntityManagerFactoryBean : Building JPA container EntityManagerFactory for persistence unit 'default'
2017-11-28 09:20:53.878  INFO 7668 --- [restartedMain] j.LocalContainerEntityManagerFactoryBean : Initialized JPA EntityManagerFactory for persistence unit 'default'
2017-11-28 09:20:58.072  INFO 7668 --- [restartedMain] s.w.s.m.m.a.RequestMappingHandlerAdapter : Looking for @ControllerAdvice: org.springframework.boot.context.embedded.AnnotationConfigEmbeddedWebApplicationContext@721b5503: startup date [Tue Nov 28 09:19:43 CST 2017]; root of context hierarchy
2017-11-28 09:20:58.345  INFO 7668 --- [restartedMain] s.w.s.m.m.a.RequestMappingHandlerMapping : Mapped "{[/idri/removedCache],methods=[GET]}" onto public java.lang.String com.zy.creditindex.controller.indexandidri.IdriContorller.removedCache()
2017-11-28 09:20:58.348  INFO 7668 --- [restartedMain] s.w.s.m.m.a.RequestMappingHandlerMapping : Mapped "{[/idri/value_common]}" onto public java.lang.String com.zy.creditindex.controller.indexandidri.IdriContorller.valueIs()
2017-11-28 09:20:58.352  INFO 7668 --- [restartedMain] s.w.s.m.m.a.RequestMappingHandlerMapping : Mapped "{[/idri/queryId],methods=[GET]}" onto public java.util.List<com.zy.creditindex.entity.idri.IdriBean> com.zy.creditindex.controller.indexandidri.IdriContorller.queryId(java.lang.String)
2017-11-28 09:20:58.352  INFO 7668 --- [restartedMain] s.w.s.m.m.a.RequestMappingHandlerMapping : Mapped "{[/idri/queryIndexdateNew],methods=[POST]}" onto public java.util.List<com.zy.creditindex.entity.idri.IdriBean> com.zy.creditindex.controller.indexandidri.IdriContorller.queryIndexdateNew(java.lang.String,java.lang.String)
2017-11-28 09:20:58.354  INFO 7668 --- [restartedMain] s.w.s.m.m.a.RequestMappingHandlerMapping : Mapped "{[/um/eightEchars]}" onto public com.zy.creditindex.entity.LineChartBean com.zy.creditindex.controller.indexandidri.PriceTableList.queryLine(java.lang.String)
2017-11-28 09:20:58.355  INFO 7668 --- [restartedMain] s.w.s.m.m.a.RequestMappingHandlerMapping : Mapped "{[/um/tradeLineChart]}" onto public com.zy.creditindex.entity.LineChartBean com.zy.creditindex.controller.indexandidri.PriceTableList.selectLine(com.zy.creditindex.entity.JsonEntry)
2017-11-28 09:20:58.355  INFO 7668 --- [restartedMain] s.w.s.m.m.a.RequestMappingHandlerMapping : Mapped "{[/um/line]}" onto public java.lang.String com.zy.creditindex.controller.indexandidri.PriceTableList.creditLine(org.springframework.ui.ModelMap)
2017-11-28 09:20:58.356  INFO 7668 --- [restartedMain] s.w.s.m.m.a.RequestMappingHandlerMapping : Mapped "{[/value_common]}" onto public java.lang.String com.zy.creditindex.controller.indexandidri.TestValue.valueIs()
2017-11-28 09:20:58.358  INFO 7668 --- [restartedMain] s.w.s.m.m.a.RequestMappingHandlerMapping : Mapped "{[/error]}" onto public org.springframework.http.ResponseEntity<java.util.Map<java.lang.String, java.lang.Object>> org.springframework.boot.autoconfigure.web.BasicErrorController.error(javax.servlet.http.HttpServletRequest)
2017-11-28 09:20:58.359  INFO 7668 --- [restartedMain] s.w.s.m.m.a.RequestMappingHandlerMapping : Mapped "{[/error],produces=[text/html]}" onto public org.springframework.web.servlet.ModelAndView org.springframework.boot.autoconfigure.web.BasicErrorController.errorHtml(javax.servlet.http.HttpServletRequest,javax.servlet.http.HttpServletResponse)
2017-11-28 09:20:58.516  INFO 7668 --- [restartedMain] o.s.w.s.handler.SimpleUrlHandlerMapping  : Mapped URL path [/webjars/**] onto handler of type [class org.springframework.web.servlet.resource.ResourceHttpRequestHandler]
2017-11-28 09:20:58.516  INFO 7668 --- [restartedMain] o.s.w.s.handler.SimpleUrlHandlerMapping  : Mapped URL path [/**] onto handler of type [class org.springframework.web.servlet.resource.ResourceHttpRequestHandler]
2017-11-28 09:20:58.567  INFO 7668 --- [restartedMain] .m.m.a.ExceptionHandlerExceptionResolver : Detected @ExceptionHandler methods in systemException
2017-11-28 09:20:58.768  INFO 7668 --- [restartedMain] o.s.w.s.handler.SimpleUrlHandlerMapping  : Mapped URL path [/**/favicon.ico] onto handler of type [class org.springframework.web.servlet.resource.ResourceHttpRequestHandler]
2017-11-28 09:21:00.558  INFO 7668 --- [restartedMain] o.s.b.d.a.OptionalLiveReloadServer       : LiveReload server is running on port 35729
2017-11-28 09:21:00.628  INFO 7668 --- [restartedMain] o.s.j.e.a.AnnotationMBeanExporter        : Registering beans for JMX exposure on startup
2017-11-28 09:21:02.312  INFO 7668 --- [restartedMain] s.b.c.e.t.TomcatEmbeddedServletContainer : Tomcat started on port(s): 80 (http)
2017-11-28 09:21:02.430  INFO 7668 --- [restartedMain] c.zy.creditindex.CreditindexApplication  : Started CreditindexApplication in 88.205 seconds (JVM running for 106.719)
2017-11-28 09:21:02.431  INFO 7668 --- [restartedMain] c.zy.creditindex.CreditindexApplication  : *********************END**********************
2017-11-28 09:22:43.176  INFO 7668 --- [http-nio-80-exec-1] o.a.c.c.C.[Tomcat].[localhost].[/]       : Initializing Spring FrameworkServlet 'dispatcherServlet'
2017-11-28 09:22:43.177  INFO 7668 --- [http-nio-80-exec-1] o.s.web.servlet.DispatcherServlet        : FrameworkServlet 'dispatcherServlet': initialization started
2017-11-28 09:22:43.232  INFO 7668 --- [http-nio-80-exec-1] o.s.web.servlet.DispatcherServlet        : FrameworkServlet 'dispatcherServlet': initialization completed in 55 ms
2017-11-28 09:22:48.891  INFO 7668 --- [http-nio-80-exec-9] c.z.c.c.indexandidri.IdriContorller      : 排名类型：day
2017-11-28 09:22:48.892  INFO 7668 --- [http-nio-80-exec-9] c.z.c.c.indexandidri.IdriContorller      : 加权类型：01
2017-11-28 09:22:49.206  INFO 7668 --- [http-nio-80-exec-9] c.z.c.service.IndexService.IdriService   : -==============最近交易日===================2017-11-27 00:00:00.0
2017-11-28 09:22:50.989  INFO 7668 --- [http-nio-80-exec-9] c.z.c.service.IndexService.IdriService   : -==============最近交易日===================2017-11-24 00:00:00.0
2017-11-28 09:22:54.952  INFO 7668 --- [http-nio-80-exec-10] c.z.c.c.indexandidri.IdriContorller      : 排名类型：day
2017-11-28 09:22:54.952  INFO 7668 --- [http-nio-80-exec-10] c.z.c.c.indexandidri.IdriContorller      : 加权类型：01
2017-11-28 09:22:56.094  INFO 7668 --- [http-nio-80-exec-10] c.z.c.service.IndexService.IdriService   : -==============最近交易日===================2017-11-27 00:00:00.0
2017-11-28 09:22:59.432  INFO 7668 --- [http-nio-80-exec-10] c.z.c.service.IndexService.IdriService   : -==============最近交易日===================2017-11-24 00:00:00.0
2017-11-28 09:23:01.716  INFO 7668 --- [http-nio-80-exec-5] c.z.c.c.indexandidri.IdriContorller      : 排名类型：day
2017-11-28 09:23:01.716  INFO 7668 --- [http-nio-80-exec-5] c.z.c.c.indexandidri.IdriContorller      : 加权类型：01
2017-11-28 09:23:01.840  INFO 7668 --- [http-nio-80-exec-5] c.z.c.service.IndexService.IdriService   : -==============最近交易日===================2017-11-27 00:00:00.0
2017-11-28 09:23:02.032  INFO 7668 --- [http-nio-80-exec-5] c.z.c.service.IndexService.IdriService   : -==============最近交易日===================2017-11-24 00:00:00.0
2017-11-28 09:23:02.189  INFO 7668 --- [http-nio-80-exec-3] c.z.c.c.indexandidri.IdriContorller      : 排名类型：day
2017-11-28 09:23:02.190  INFO 7668 --- [http-nio-80-exec-3] c.z.c.c.indexandidri.IdriContorller      : 加权类型：01
2017-11-28 09:23:02.240  INFO 7668 --- [http-nio-80-exec-3] c.z.c.service.IndexService.IdriService   : -==============最近交易日===================2017-11-27 00:00:00.0
2017-11-28 09:23:02.400  INFO 7668 --- [http-nio-80-exec-3] c.z.c.service.IndexService.IdriService   : -==============最近交易日===================2017-11-24 00:00:00.0
2017-11-28 09:23:28.014  INFO 7668 --- [http-nio-80-exec-9] c.z.c.c.indexandidri.IdriContorller      : 排名类型：yer
2017-11-28 09:23:28.015  INFO 7668 --- [http-nio-80-exec-9] c.z.c.c.indexandidri.IdriContorller      : 加权类型：01
2017-11-28 09:23:28.106  INFO 7668 --- [http-nio-80-exec-9] c.z.c.service.IndexService.IdriService   : -==============最近交易日===================2016-11-28 00:00:00.0
2017-11-28 09:23:28.399  INFO 7668 --- [http-nio-80-exec-9] c.z.c.service.IndexService.IdriService   : -==============最近交易日===================2017-11-27 00:00:00.0
2017-11-28 09:23:28.542  INFO 7668 --- [http-nio-80-exec-10] c.z.c.c.indexandidri.IdriContorller      : 排名类型：yer
2017-11-28 09:23:28.542  INFO 7668 --- [http-nio-80-exec-10] c.z.c.c.indexandidri.IdriContorller      : 加权类型：01
2017-11-28 09:23:28.604  INFO 7668 --- [http-nio-80-exec-10] c.z.c.service.IndexService.IdriService   : -==============最近交易日===================2016-11-28 00:00:00.0
2017-11-28 09:23:28.771  INFO 7668 --- [http-nio-80-exec-10] c.z.c.service.IndexService.IdriService   : -==============最近交易日===================2017-11-27 00:00:00.0
2017-11-28 09:23:30.836  INFO 7668 --- [http-nio-80-exec-8] c.z.c.c.indexandidri.IdriContorller      : 排名类型：months
2017-11-28 09:23:30.837  INFO 7668 --- [http-nio-80-exec-8] c.z.c.c.indexandidri.IdriContorller      : 加权类型：01
2017-11-28 09:23:30.890  INFO 7668 --- [http-nio-80-exec-8] c.z.c.service.IndexService.IdriService   : -==============最近交易日===================2017-11-27 00:00:00.0
2017-11-28 09:23:31.095  INFO 7668 --- [http-nio-80-exec-8] c.z.c.service.IndexService.IdriService   : -==============最近交易日===================2017-11-27 00:00:00.0
2017-11-28 09:23:31.238  INFO 7668 --- [http-nio-80-exec-5] c.z.c.c.indexandidri.IdriContorller      : 排名类型：months
2017-11-28 09:23:31.239  INFO 7668 --- [http-nio-80-exec-5] c.z.c.c.indexandidri.IdriContorller      : 加权类型：01
2017-11-28 09:23:31.294  INFO 7668 --- [http-nio-80-exec-5] c.z.c.service.IndexService.IdriService   : -==============最近交易日===================2017-11-27 00:00:00.0
2017-11-28 09:23:31.511  INFO 7668 --- [http-nio-80-exec-5] c.z.c.service.IndexService.IdriService   : -==============最近交易日===================2017-11-27 00:00:00.0
2017-11-28 09:41:06.610  INFO 12824 --- [restartedMain] c.zy.creditindex.CreditindexApplication  : Starting CreditindexApplication on PC-201708261548 with PID 12824 (E:\WORK\creditindex2\target\classes started by zy in E:\WORK\creditindex2)
2017-11-28 09:41:06.648 DEBUG 12824 --- [restartedMain] c.zy.creditindex.CreditindexApplication  : Running with Spring Boot v1.5.7.RELEASE, Spring v4.3.11.RELEASE
2017-11-28 09:41:06.648  INFO 12824 --- [restartedMain] c.zy.creditindex.CreditindexApplication  : The following profiles are active: prod
2017-11-28 09:41:09.329  INFO 12824 --- [restartedMain] ationConfigEmbeddedWebApplicationContext : Refreshing org.springframework.boot.context.embedded.AnnotationConfigEmbeddedWebApplicationContext@1b277a13: startup date [Tue Nov 28 09:41:09 CST 2017]; root of context hierarchy
2017-11-28 09:41:15.834  INFO 12824 --- [restartedMain] trationDelegate$BeanPostProcessorChecker : Bean 'org.springframework.transaction.annotation.ProxyTransactionManagementConfiguration' of type [org.springframework.transaction.annotation.ProxyTransactionManagementConfiguration$$EnhancerBySpringCGLIB$$2ba4598] is not eligible for getting processed by all BeanPostProcessors (for example: not eligible for auto-proxying)
2017-11-28 09:41:15.876  INFO 12824 --- [restartedMain] trationDelegate$BeanPostProcessorChecker : Bean 'org.springframework.cache.annotation.ProxyCachingConfiguration' of type [org.springframework.cache.annotation.ProxyCachingConfiguration$$EnhancerBySpringCGLIB$$4bcc7bb6] is not eligible for getting processed by all BeanPostProcessors (for example: not eligible for auto-proxying)
2017-11-28 09:41:15.897  INFO 12824 --- [restartedMain] trationDelegate$BeanPostProcessorChecker : Bean 'org.springframework.boot.autoconfigure.cache.CacheAutoConfiguration' of type [org.springframework.boot.autoconfigure.cache.CacheAutoConfiguration$$EnhancerBySpringCGLIB$$4040405a] is not eligible for getting processed by all BeanPostProcessors (for example: not eligible for auto-proxying)
2017-11-28 09:41:16.049  INFO 12824 --- [restartedMain] trationDelegate$BeanPostProcessorChecker : Bean 'spring.cache-org.springframework.boot.autoconfigure.cache.CacheProperties' of type [org.springframework.boot.autoconfigure.cache.CacheProperties] is not eligible for getting processed by all BeanPostProcessors (for example: not eligible for auto-proxying)
2017-11-28 09:41:16.064  INFO 12824 --- [restartedMain] trationDelegate$BeanPostProcessorChecker : Bean 'cacheManagerCustomizers' of type [org.springframework.boot.autoconfigure.cache.CacheManagerCustomizers] is not eligible for getting processed by all BeanPostProcessors (for example: not eligible for auto-proxying)
2017-11-28 09:41:16.069  INFO 12824 --- [restartedMain] trationDelegate$BeanPostProcessorChecker : Bean 'org.springframework.boot.autoconfigure.cache.EhCacheCacheConfiguration' of type [org.springframework.boot.autoconfigure.cache.EhCacheCacheConfiguration$$EnhancerBySpringCGLIB$$dadf0d58] is not eligible for getting processed by all BeanPostProcessors (for example: not eligible for auto-proxying)
2017-11-28 09:41:16.429  INFO 12824 --- [restartedMain] trationDelegate$BeanPostProcessorChecker : Bean 'ehCacheCacheManager' of type [net.sf.ehcache.CacheManager] is not eligible for getting processed by all BeanPostProcessors (for example: not eligible for auto-proxying)
2017-11-28 09:41:16.435  INFO 12824 --- [restartedMain] trationDelegate$BeanPostProcessorChecker : Bean 'cacheManager' of type [org.springframework.cache.ehcache.EhCacheCacheManager] is not eligible for getting processed by all BeanPostProcessors (for example: not eligible for auto-proxying)
2017-11-28 09:41:16.436  INFO 12824 --- [restartedMain] trationDelegate$BeanPostProcessorChecker : Bean 'cacheAutoConfigurationValidator' of type [org.springframework.boot.autoconfigure.cache.CacheAutoConfiguration$CacheManagerValidator] is not eligible for getting processed by all BeanPostProcessors (for example: not eligible for auto-proxying)
2017-11-28 09:41:16.453  INFO 12824 --- [restartedMain] trationDelegate$BeanPostProcessorChecker : Bean 'shiroConfiguration' of type [com.zy.creditindex.shiro.ShiroConfiguration$$EnhancerBySpringCGLIB$$51f90596] is not eligible for getting processed by all BeanPostProcessors (for example: not eligible for auto-proxying)
2017-11-28 09:41:16.486  INFO 12824 --- [restartedMain] trationDelegate$BeanPostProcessorChecker : Bean 'hashedCredentialsMatcher' of type [org.apache.shiro.authc.credential.HashedCredentialsMatcher] is not eligible for getting processed by all BeanPostProcessors (for example: not eligible for auto-proxying)
2017-11-28 09:41:16.500  INFO 12824 --- [restartedMain] trationDelegate$BeanPostProcessorChecker : Bean 'authRealm' of type [com.zy.creditindex.realm.CustomerRealm] is not eligible for getting processed by all BeanPostProcessors (for example: not eligible for auto-proxying)
2017-11-28 09:41:17.934  INFO 12824 --- [restartedMain] trationDelegate$BeanPostProcessorChecker : Bean 'securityManager' of type [org.apache.shiro.web.mgt.DefaultWebSecurityManager] is not eligible for getting processed by all BeanPostProcessors (for example: not eligible for auto-proxying)
2017-11-28 09:41:19.197  INFO 12824 --- [restartedMain] s.b.c.e.t.TomcatEmbeddedServletContainer : Tomcat initialized with port(s): 80 (http)
2017-11-28 09:41:19.265  INFO 12824 --- [restartedMain] o.apache.catalina.core.StandardService   : Starting service [Tomcat]
2017-11-28 09:41:19.266  INFO 12824 --- [restartedMain] org.apache.catalina.core.StandardEngine  : Starting Servlet Engine: Apache Tomcat/8.5.20
2017-11-28 09:41:19.926  INFO 12824 --- [localhost-startStop-1] org.apache.jasper.servlet.TldScanner     : At least one JAR was scanned for TLDs yet contained no TLDs. Enable debug logging for this logger for a complete list of JARs that were scanned but no TLDs were found in them. Skipping unneeded JARs during scanning can improve startup time and JSP compilation time.
2017-11-28 09:41:19.969  INFO 12824 --- [localhost-startStop-1] o.a.c.c.C.[Tomcat].[localhost].[/]       : Initializing Spring embedded WebApplicationContext
2017-11-28 09:41:19.969  INFO 12824 --- [localhost-startStop-1] o.s.web.context.ContextLoader            : Root WebApplicationContext: initialization completed in 10641 ms
2017-11-28 09:41:20.549  INFO 12824 --- [localhost-startStop-1] o.s.b.w.servlet.ServletRegistrationBean  : Mapping servlet: 'dispatcherServlet' to [/]
2017-11-28 09:41:20.566  INFO 12824 --- [localhost-startStop-1] o.s.b.w.servlet.FilterRegistrationBean   : Mapping filter: 'characterEncodingFilter' to: [/*]
2017-11-28 09:41:20.567  INFO 12824 --- [localhost-startStop-1] o.s.b.w.servlet.FilterRegistrationBean   : Mapping filter: 'hiddenHttpMethodFilter' to: [/*]
2017-11-28 09:41:20.567  INFO 12824 --- [localhost-startStop-1] o.s.b.w.servlet.FilterRegistrationBean   : Mapping filter: 'httpPutFormContentFilter' to: [/*]
2017-11-28 09:41:20.568  INFO 12824 --- [localhost-startStop-1] o.s.b.w.servlet.FilterRegistrationBean   : Mapping filter: 'requestContextFilter' to: [/*]
2017-11-28 09:41:20.568  INFO 12824 --- [localhost-startStop-1] o.s.b.w.servlet.FilterRegistrationBean   : Mapping filter: 'shirFilter' to: [/*]
2017-11-28 09:41:24.698  INFO 12824 --- [restartedMain] j.LocalContainerEntityManagerFactoryBean : Building JPA container EntityManagerFactory for persistence unit 'default'
2017-11-28 09:41:32.029  INFO 12824 --- [restartedMain] j.LocalContainerEntityManagerFactoryBean : Initialized JPA EntityManagerFactory for persistence unit 'default'
2017-11-28 09:41:33.454  INFO 12824 --- [restartedMain] s.w.s.m.m.a.RequestMappingHandlerAdapter : Looking for @ControllerAdvice: org.springframework.boot.context.embedded.AnnotationConfigEmbeddedWebApplicationContext@1b277a13: startup date [Tue Nov 28 09:41:09 CST 2017]; root of context hierarchy
2017-11-28 09:41:33.540  INFO 12824 --- [restartedMain] s.w.s.m.m.a.RequestMappingHandlerMapping : Mapped "{[/idri/queryId],methods=[GET]}" onto public java.util.List<com.zy.creditindex.entity.idri.IdriBean> com.zy.creditindex.controller.indexandidri.IdriContorller.queryId(java.lang.String)
2017-11-28 09:41:33.541  INFO 12824 --- [restartedMain] s.w.s.m.m.a.RequestMappingHandlerMapping : Mapped "{[/idri/value_common]}" onto public java.lang.String com.zy.creditindex.controller.indexandidri.IdriContorller.valueIs()
2017-11-28 09:41:33.542  INFO 12824 --- [restartedMain] s.w.s.m.m.a.RequestMappingHandlerMapping : Mapped "{[/idri/removedCache],methods=[GET]}" onto public java.lang.String com.zy.creditindex.controller.indexandidri.IdriContorller.removedCache()
2017-11-28 09:41:33.543  INFO 12824 --- [restartedMain] s.w.s.m.m.a.RequestMappingHandlerMapping : Mapped "{[/idri/queryIndexdateNew],methods=[POST]}" onto public java.util.List<com.zy.creditindex.entity.idri.IdriBean> com.zy.creditindex.controller.indexandidri.IdriContorller.queryIndexdateNew(java.lang.String,java.lang.String)
2017-11-28 09:41:33.545  INFO 12824 --- [restartedMain] s.w.s.m.m.a.RequestMappingHandlerMapping : Mapped "{[/um/line]}" onto public java.lang.String com.zy.creditindex.controller.indexandidri.PriceTableList.creditLine(org.springframework.ui.ModelMap)
2017-11-28 09:41:33.546  INFO 12824 --- [restartedMain] s.w.s.m.m.a.RequestMappingHandlerMapping : Mapped "{[/um/tradeLineChart]}" onto public com.zy.creditindex.entity.LineChartBean com.zy.creditindex.controller.indexandidri.PriceTableList.selectLine(com.zy.creditindex.entity.JsonEntry)
2017-11-28 09:41:33.548  INFO 12824 --- [restartedMain] s.w.s.m.m.a.RequestMappingHandlerMapping : Mapped "{[/um/eightEchars]}" onto public com.zy.creditindex.entity.LineChartBean com.zy.creditindex.controller.indexandidri.PriceTableList.queryLine(java.lang.String)
2017-11-28 09:41:33.549  INFO 12824 --- [restartedMain] s.w.s.m.m.a.RequestMappingHandlerMapping : Mapped "{[/value_common]}" onto public java.lang.String com.zy.creditindex.controller.indexandidri.TestValue.valueIs()
2017-11-28 09:41:33.553  INFO 12824 --- [restartedMain] s.w.s.m.m.a.RequestMappingHandlerMapping : Mapped "{[/error]}" onto public org.springframework.http.ResponseEntity<java.util.Map<java.lang.String, java.lang.Object>> org.springframework.boot.autoconfigure.web.BasicErrorController.error(javax.servlet.http.HttpServletRequest)
2017-11-28 09:41:33.553  INFO 12824 --- [restartedMain] s.w.s.m.m.a.RequestMappingHandlerMapping : Mapped "{[/error],produces=[text/html]}" onto public org.springframework.web.servlet.ModelAndView org.springframework.boot.autoconfigure.web.BasicErrorController.errorHtml(javax.servlet.http.HttpServletRequest,javax.servlet.http.HttpServletResponse)
2017-11-28 09:41:33.612  INFO 12824 --- [restartedMain] o.s.w.s.handler.SimpleUrlHandlerMapping  : Mapped URL path [/webjars/**] onto handler of type [class org.springframework.web.servlet.resource.ResourceHttpRequestHandler]
2017-11-28 09:41:33.612  INFO 12824 --- [restartedMain] o.s.w.s.handler.SimpleUrlHandlerMapping  : Mapped URL path [/**] onto handler of type [class org.springframework.web.servlet.resource.ResourceHttpRequestHandler]
2017-11-28 09:41:33.631  INFO 12824 --- [restartedMain] .m.m.a.ExceptionHandlerExceptionResolver : Detected @ExceptionHandler methods in systemException
2017-11-28 09:41:33.654  INFO 12824 --- [restartedMain] o.s.w.s.handler.SimpleUrlHandlerMapping  : Mapped URL path [/**/favicon.ico] onto handler of type [class org.springframework.web.servlet.resource.ResourceHttpRequestHandler]
2017-11-28 09:41:34.107  INFO 12824 --- [restartedMain] o.s.b.d.a.OptionalLiveReloadServer       : LiveReload server is running on port 35729
2017-11-28 09:41:34.190  INFO 12824 --- [restartedMain] o.s.j.e.a.AnnotationMBeanExporter        : Registering beans for JMX exposure on startup
2017-11-28 09:41:34.378  INFO 12824 --- [restartedMain] s.b.c.e.t.TomcatEmbeddedServletContainer : Tomcat started on port(s): 80 (http)
2017-11-28 09:41:34.402  INFO 12824 --- [restartedMain] c.zy.creditindex.CreditindexApplication  : Started CreditindexApplication in 35.434 seconds (JVM running for 40.908)
2017-11-28 09:41:34.403  INFO 12824 --- [restartedMain] c.zy.creditindex.CreditindexApplication  : *********************END**********************
2017-11-28 09:41:44.812  INFO 12824 --- [http-nio-80-exec-1] o.a.c.c.C.[Tomcat].[localhost].[/]       : Initializing Spring FrameworkServlet 'dispatcherServlet'
2017-11-28 09:41:44.812  INFO 12824 --- [http-nio-80-exec-1] o.s.web.servlet.DispatcherServlet        : FrameworkServlet 'dispatcherServlet': initialization started
2017-11-28 09:41:45.014  INFO 12824 --- [http-nio-80-exec-1] o.s.web.servlet.DispatcherServlet        : FrameworkServlet 'dispatcherServlet': initialization completed in 201 ms
2017-11-28 09:41:51.807  INFO 12824 --- [http-nio-80-exec-2] c.z.c.c.indexandidri.IdriContorller      : 排名类型：day
2017-11-28 09:41:51.807  INFO 12824 --- [http-nio-80-exec-2] c.z.c.c.indexandidri.IdriContorller      : 加权类型：01
2017-11-28 09:41:51.927  INFO 12824 --- [http-nio-80-exec-2] c.z.c.service.IndexService.IdriService   : -==============最近交易日===================2017-11-27 00:00:00.0
2017-11-28 09:41:53.508  INFO 12824 --- [http-nio-80-exec-2] c.z.c.service.IndexService.IdriService   : -==============最近交易日===================2017-11-24 00:00:00.0
2017-11-28 09:41:55.977  INFO 12824 --- [http-nio-80-exec-9] c.z.c.c.indexandidri.IdriContorller      : 排名类型：day
2017-11-28 09:41:55.977  INFO 12824 --- [http-nio-80-exec-9] c.z.c.c.indexandidri.IdriContorller      : 加权类型：01
2017-11-28 09:41:59.872  INFO 12824 --- [http-nio-80-exec-9] c.z.c.service.IndexService.IdriService   : -==============最近交易日===================2017-11-27 00:00:00.0
2017-11-28 09:42:02.887  INFO 12824 --- [http-nio-80-exec-9] c.z.c.service.IndexService.IdriService   : -==============最近交易日===================2017-11-24 00:00:00.0
2017-11-28 09:42:06.654  INFO 12824 --- [http-nio-80-exec-10] c.z.c.c.indexandidri.IdriContorller      : 排名类型：day
2017-11-28 09:42:06.654  INFO 12824 --- [http-nio-80-exec-10] c.z.c.c.indexandidri.IdriContorller      : 加权类型：01
2017-11-28 09:42:10.081  INFO 12824 --- [http-nio-80-exec-10] c.z.c.service.IndexService.IdriService   : -==============最近交易日===================2017-11-27 00:00:00.0
2017-11-28 09:42:10.308  INFO 12824 --- [http-nio-80-exec-10] c.z.c.service.IndexService.IdriService   : -==============最近交易日===================2017-11-24 00:00:00.0
2017-11-28 09:42:10.415  INFO 12824 --- [http-nio-80-exec-8] c.z.c.c.indexandidri.IdriContorller      : 排名类型：day
2017-11-28 09:42:10.416  INFO 12824 --- [http-nio-80-exec-8] c.z.c.c.indexandidri.IdriContorller      : 加权类型：01
2017-11-28 09:42:10.487  INFO 12824 --- [http-nio-80-exec-8] c.z.c.service.IndexService.IdriService   : -==============最近交易日===================2017-11-27 00:00:00.0
2017-11-28 09:42:10.664  INFO 12824 --- [http-nio-80-exec-8] c.z.c.service.IndexService.IdriService   : -==============最近交易日===================2017-11-24 00:00:00.0
